<?xml version="1.0" encoding="UTF-8"?>
<testng-results ignored="0" total="1" passed="1" failed="0" skipped="0">
  <reporter-output>
  </reporter-output>
  <suite started-at="2024-07-24T19:37:02 IST" name="Default suite" finished-at="2024-07-24T19:37:04 IST" duration-ms="2398">
    <groups>
    </groups>
    <test started-at="2024-07-24T19:37:02 IST" name="Default test" finished-at="2024-07-24T19:37:04 IST" duration-ms="2398">
      <class name="lecture5.FileUploadDownloadTest">
        <test-method signature="downloadFile()[pri:0, instance:lecture5.FileUploadDownloadTest@78e4deb0]" started-at="2024-07-24T19:37:02 IST" name="downloadFile" finished-at="2024-07-24T19:37:04 IST" duration-ms="2315" status="PASS">
          <reporter-output>
          </reporter-output>
        </test-method> <!-- downloadFile -->
      </class> <!-- lecture5.FileUploadDownloadTest -->
    </test> <!-- Default test -->
  </suite> <!-- Default suite -->
</testng-results>
