<?xml version="1.0" encoding="UTF-8"?>
<testng-results ignored="0" total="2" passed="2" failed="0" skipped="0">
  <reporter-output>
  </reporter-output>
  <suite started-at="2024-07-22T19:57:15 IST" name="Default suite" finished-at="2024-07-22T19:57:17 IST" duration-ms="2329">
    <groups>
    </groups>
    <test started-at="2024-07-22T19:57:15 IST" name="Default test" finished-at="2024-07-22T19:57:17 IST" duration-ms="2329">
      <class name="lecture4.ParsingResponseTest">
        <test-method signature="testJSONResponse()[pri:1, instance:lecture4.ParsingResponseTest@5b1669c0]" started-at="2024-07-22T19:57:15 IST" name="testJSONResponse" finished-at="2024-07-22T19:57:17 IST" duration-ms="2240" status="PASS">
          <reporter-output>
          </reporter-output>
        </test-method> <!-- testJSONResponse -->
        <test-method signature="testJSONBodyData()[pri:2, instance:lecture4.ParsingResponseTest@5b1669c0]" started-at="2024-07-22T19:57:17 IST" name="testJSONBodyData" finished-at="2024-07-22T19:57:17 IST" duration-ms="29" status="PASS">
          <reporter-output>
          </reporter-output>
        </test-method> <!-- testJSONBodyData -->
      </class> <!-- lecture4.ParsingResponseTest -->
    </test> <!-- Default test -->
  </suite> <!-- Default suite -->
</testng-results>
