<?xml version="1.0" encoding="UTF-8"?>
<!-- Generated by org.testng.reporters.JUnitXMLReporter -->
<testsuite ignored="2" hostname="Harsh" failures="0" tests="1" name="Default test" time="2.398" errors="0" timestamp="2024-07-24T19:37:04 IST">
  <testcase classname="lecture5.FileUploadDownloadTest" name="downloadFile" time="2.315"/>
  <testcase classname="lecture5.FileUploadDownloadTest" name="multipleFileUpload" time="0.0">
    <ignored/>
  </testcase> <!-- multipleFileUpload -->
  <testcase classname="lecture5.FileUploadDownloadTest" name="singleFileUpload" time="0.0">
    <ignored/>
  </testcase> <!-- singleFileUpload -->
</testsuite> <!-- Default test -->
